SF:lib\domain\usecase\search_movies.dart
DA:8,1
DA:10,1
DA:11,1
DA:12,1
LF:4
LH:4
end_of_record
SF:lib\domain\usecase\search_tv.dart
DA:8,1
DA:10,1
DA:11,1
DA:12,1
LF:4
LH:4
end_of_record
SF:lib\presentation\bloc\search_tv\search_tv_event.dart
DA:4,1
DA:6,0
DA:7,0
DA:12,1
DA:14,0
DA:15,0
LF:6
LH:2
end_of_record
SF:lib\presentation\bloc\search_tv\search_tv_state.dart
DA:4,2
DA:6,1
DA:7,1
DA:13,2
DA:15,1
DA:16,2
DA:20,1
DA:22,1
DA:23,2
LF:9
LH:9
end_of_record
SF:lib\presentation\bloc\search_tv\search_tv_bloc.dart
DA:13,1
DA:14,3
DA:15,0
DA:17,2
DA:18,2
DA:20,4
DA:22,1
DA:23,1
DA:24,3
DA:25,2
DA:26,0
DA:27,2
DA:34,0
DA:35,0
DA:36,0
LF:15
LH:10
end_of_record
SF:lib\presentation\bloc\search_movie\search_movie_state.dart
DA:4,2
DA:6,1
DA:7,1
DA:13,2
DA:15,1
DA:16,2
DA:20,1
DA:22,1
DA:23,2
LF:9
LH:9
end_of_record
SF:lib\presentation\bloc\search_movie\search_movie_event.dart
DA:4,1
DA:6,0
DA:7,0
DA:12,1
DA:14,0
DA:15,0
LF:6
LH:2
end_of_record
SF:lib\presentation\bloc\search_movie\search_movie_bloc.dart
DA:13,1
DA:14,3
DA:15,0
DA:17,2
DA:18,2
DA:20,4
DA:22,1
DA:23,1
DA:24,3
DA:25,2
DA:26,0
DA:27,2
DA:34,0
DA:35,0
DA:36,0
LF:15
LH:10
end_of_record
