SF:lib\data\datasources\movie_local_data_source.dart
DA:19,1
DA:22,1
DA:24,3
DA:27,2
DA:32,1
DA:34,3
DA:37,2
DA:42,1
DA:43,3
DA:45,1
DA:52,1
DA:53,3
DA:55,4
LF:13
LH:13
end_of_record
SF:lib\data\datasources\db\database_helper.dart
DA:10,0
DA:14,0
DA:17,0
DA:18,0
DA:24,0
DA:25,0
DA:27,0
DA:29,0
DA:33,0
DA:34,0
DA:41,0
DA:44,0
DA:45,0
DA:47,0
DA:50,0
DA:51,0
DA:53,0
DA:56,0
DA:60,0
DA:61,0
DA:62,0
DA:65,0
DA:68,0
DA:69,0
DA:75,0
DA:76,0
DA:78,0
LF:27
LH:0
end_of_record
SF:lib\data\datasources\movie_remote_data_source.dart
DA:25,1
DA:28,1
DA:30,5
DA:32,2
DA:33,4
DA:35,1
DA:40,1
DA:41,5
DA:43,2
DA:44,3
DA:46,1
DA:51,1
DA:52,2
DA:53,3
DA:55,2
DA:56,4
DA:58,1
DA:63,1
DA:65,5
DA:67,2
DA:68,4
DA:70,1
DA:75,1
DA:77,5
DA:79,2
DA:80,4
DA:82,1
DA:87,1
DA:88,2
DA:89,3
DA:91,2
DA:92,4
DA:94,1
LF:33
LH:33
end_of_record
SF:lib\data\models\movie_detail_model.dart
DA:7,2
DA:53,1
DA:54,1
DA:55,1
DA:56,1
DA:57,1
DA:58,1
DA:59,4
DA:60,1
DA:61,1
DA:62,1
DA:63,1
DA:64,1
DA:65,1
DA:66,2
DA:67,1
DA:68,1
DA:69,1
DA:70,1
DA:71,1
DA:72,1
DA:73,1
DA:74,1
DA:75,2
DA:76,1
DA:79,0
DA:80,0
DA:81,0
DA:82,0
DA:83,0
DA:84,0
DA:85,0
DA:86,0
DA:87,0
DA:88,0
DA:89,0
DA:90,0
DA:91,0
DA:92,0
DA:93,0
DA:94,0
DA:95,0
DA:96,0
DA:97,0
DA:98,0
DA:99,0
DA:100,0
DA:103,1
DA:104,1
DA:105,1
DA:106,1
DA:107,5
DA:108,1
DA:109,1
DA:110,1
DA:111,1
DA:112,1
DA:113,1
DA:114,1
DA:115,1
DA:116,1
DA:120,1
DA:121,1
DA:122,1
DA:123,1
DA:124,1
DA:125,1
DA:126,1
DA:127,1
DA:128,1
DA:129,1
DA:130,1
DA:131,1
DA:132,1
DA:133,1
DA:134,1
DA:135,1
DA:136,1
DA:137,1
DA:138,1
DA:139,1
DA:140,1
DA:141,1
DA:142,1
LF:84
LH:62
end_of_record
SF:lib\data\models\movie_model.dart
DA:6,5
DA:36,2
DA:37,2
DA:38,2
DA:39,2
DA:40,8
DA:41,2
DA:42,2
DA:43,2
DA:44,4
DA:45,2
DA:46,2
DA:47,2
DA:48,2
DA:49,4
DA:50,2
DA:53,1
DA:54,1
DA:55,1
DA:56,1
DA:57,4
DA:58,1
DA:59,1
DA:60,1
DA:61,1
DA:62,1
DA:63,1
DA:64,1
DA:65,1
DA:66,1
DA:67,1
DA:70,2
DA:71,2
DA:72,2
DA:73,2
DA:74,2
DA:75,2
DA:76,2
DA:77,2
DA:78,2
DA:79,2
DA:80,2
DA:81,2
DA:82,2
DA:83,2
DA:84,2
DA:88,2
DA:90,2
DA:91,2
DA:92,2
DA:93,2
DA:94,2
DA:95,2
DA:96,2
DA:97,2
DA:98,2
DA:99,2
DA:100,2
DA:101,2
DA:102,2
DA:103,2
LF:61
LH:61
end_of_record
SF:lib\data\models\movie_table.dart
DA:12,17
DA:19,1
DA:20,1
DA:21,1
DA:22,1
DA:23,1
DA:24,1
DA:27,1
DA:28,1
DA:29,1
DA:30,1
DA:31,1
DA:32,1
DA:35,0
DA:36,0
DA:37,0
DA:38,0
DA:39,0
DA:40,0
DA:43,1
DA:44,1
DA:45,1
DA:46,1
DA:47,1
DA:48,1
DA:51,2
DA:52,2
DA:53,2
DA:54,2
DA:55,2
DA:56,2
LF:31
LH:25
end_of_record
SF:lib\domain\entities\movie.dart
DA:7,10
DA:23,2
DA:44,7
DA:45,7
DA:46,7
DA:47,7
DA:48,7
DA:49,7
DA:50,7
DA:51,7
DA:52,7
DA:53,7
DA:54,7
DA:55,7
DA:56,7
DA:57,7
DA:58,7
LF:17
LH:17
end_of_record
SF:lib\domain\entities\movie_detail.dart
DA:6,16
DA:34,2
DA:35,2
DA:36,2
DA:37,2
DA:38,2
DA:39,2
DA:40,2
DA:41,2
DA:42,2
DA:43,2
DA:44,2
DA:45,2
DA:46,2
LF:14
LH:14
end_of_record
SF:lib\presentation\pages\home_movie_page.dart
DA:13,23
DA:15,0
DA:16,0
DA:21,0
DA:22,0
DA:23,0
DA:24,0
DA:26,0
DA:28,0
DA:32,0
DA:34,0
DA:35,0
DA:36,0
DA:37,0
DA:45,0
DA:48,0
DA:49,0
DA:52,0
DA:55,0
DA:56,0
DA:59,0
DA:62,0
DA:63,0
DA:66,0
DA:67,0
DA:70,0
DA:73,0
DA:74,0
DA:80,0
DA:81,0
DA:82,0
DA:90,0
DA:92,0
DA:93,0
DA:94,0
DA:96,0
DA:102,0
DA:104,0
DA:105,0
DA:107,0
DA:108,0
DA:110,0
DA:112,0
DA:113,0
DA:114,0
DA:119,0
DA:120,0
DA:122,0
DA:123,0
DA:130,0
DA:132,0
DA:133,0
DA:135,0
DA:136,0
DA:137,0
DA:141,0
DA:143,0
DA:149,0
DA:150,0
DA:151,0
DA:153,0
DA:154,0
DA:155,0
DA:159,0
DA:161,0
DA:174,0
DA:175,0
DA:177,0
DA:178,0
DA:180,0
DA:182,0
DA:184,0
DA:186,0
DA:199,0
DA:201,0
DA:203,0
DA:205,0
DA:207,0
DA:208,0
DA:209,0
DA:211,0
DA:212,0
DA:213,0
DA:216,0
DA:219,0
DA:221,0
DA:222,0
DA:223,0
DA:226,0
DA:232,0
LF:90
LH:1
end_of_record
SF:lib\presentation\pages\watchlist_movies_page.dart
DA:10,0
DA:12,0
DA:13,0
DA:18,0
DA:20,0
DA:21,0
DA:22,0
DA:26,0
DA:28,0
DA:29,0
DA:32,0
DA:34,0
DA:37,0
DA:39,0
DA:40,0
DA:43,0
DA:45,0
DA:46,0
DA:47,0
DA:51,0
DA:52,0
DA:53,0
DA:54,0
DA:55,0
DA:57,0
DA:60,0
DA:62,0
DA:71,0
DA:73,0
DA:74,0
LF:30
LH:0
end_of_record
SF:lib\data\models\movie_response.dart
DA:7,3
DA:9,4
DA:10,10
DA:11,4
DA:12,2
DA:15,7
DA:18,1
DA:20,2
LF:8
LH:8
end_of_record
SF:lib\data\repositories\movie_repository_impl.dart
DA:18,1
DA:24,1
DA:26,3
DA:27,5
DA:29,1
DA:31,1
DA:33,0
DA:38,1
DA:40,3
DA:41,2
DA:43,1
DA:45,1
DA:47,0
DA:52,1
DA:54,3
DA:55,3
DA:57,1
DA:59,1
DA:61,0
DA:66,1
DA:68,3
DA:69,5
DA:71,1
DA:73,1
DA:75,0
DA:80,1
DA:82,3
DA:83,5
DA:85,1
DA:87,1
DA:89,0
DA:94,1
DA:96,3
DA:97,5
DA:99,1
DA:101,1
DA:103,0
DA:108,1
DA:111,4
DA:112,1
DA:114,4
DA:120,1
DA:122,4
DA:123,1
DA:125,4
DA:130,1
DA:131,3
DA:137,1
DA:138,3
DA:140,5
LF:50
LH:44
end_of_record
SF:lib\domain\usecases\get_movie_detail.dart
DA:9,1
DA:11,1
DA:12,2
LF:3
LH:3
end_of_record
SF:lib\domain\usecases\get_movie_recommendations.dart
DA:9,1
DA:11,1
DA:12,2
LF:3
LH:3
end_of_record
SF:lib\domain\usecases\get_now_playing_movies.dart
DA:9,1
DA:11,1
DA:12,2
LF:3
LH:3
end_of_record
SF:lib\domain\usecases\get_popular_movies.dart
DA:9,1
DA:11,1
DA:12,2
LF:3
LH:3
end_of_record
SF:lib\domain\usecases\get_top_rated_movies.dart
DA:9,1
DA:11,1
DA:12,2
LF:3
LH:3
end_of_record
SF:lib\domain\usecases\get_watchlist_movies.dart
DA:10,1
DA:12,1
DA:13,2
LF:3
LH:3
end_of_record
SF:lib\domain\usecases\get_watchlist_status.dart
DA:5,1
DA:7,1
DA:8,2
LF:3
LH:3
end_of_record
SF:lib\domain\usecases\remove_watchlist.dart
DA:9,1
DA:11,1
DA:12,2
LF:3
LH:3
end_of_record
SF:lib\domain\usecases\save_watchlist.dart
DA:9,1
DA:11,1
DA:12,2
LF:3
LH:3
end_of_record
SF:lib\presentation\pages\movie_detail_page.dart
DA:16,1
DA:18,1
DA:19,1
DA:23,1
DA:25,1
DA:26,2
DA:27,6
DA:28,1
DA:29,1
DA:30,4
DA:31,6
DA:35,1
DA:38,2
DA:39,1
DA:40,1
DA:41,0
DA:42,0
DA:43,0
DA:44,0
DA:47,0
DA:48,0
DA:51,1
DA:52,1
DA:53,1
DA:57,1
DA:58,1
DA:59,3
DA:60,3
DA:61,1
DA:62,1
DA:64,2
DA:65,0
DA:83,1
DA:85,1
DA:87,1
DA:89,3
DA:90,1
DA:91,1
DA:92,1
DA:93,3
DA:95,1
DA:98,0
DA:100,1
DA:102,1
DA:103,1
DA:104,1
DA:114,1
DA:115,1
DA:116,1
DA:118,1
DA:120,1
DA:122,1
DA:123,1
DA:124,2
DA:125,1
DA:127,1
DA:128,1
DA:129,1
DA:130,1
DA:131,3
DA:133,0
DA:134,0
DA:137,1
DA:139,1
DA:140,1
DA:147,1
DA:148,3
DA:150,1
DA:151,3
DA:153,1
DA:154,1
DA:155,1
DA:156,3
DA:158,1
DA:164,4
DA:168,1
DA:170,1
DA:172,1
DA:173,2
DA:176,1
DA:178,1
DA:180,1
DA:182,1
DA:183,1
DA:187,1
DA:189,1
DA:190,1
DA:192,1
DA:194,1
DA:195,2
DA:196,1
DA:198,1
DA:199,0
DA:200,0
DA:203,0
DA:206,1
DA:211,1
DA:213,2
DA:214,1
DA:220,0
DA:227,2
DA:231,0
DA:239,1
DA:241,1
DA:256,1
DA:258,1
DA:261,1
DA:263,0
DA:264,0
DA:273,1
DA:275,2
DA:276,3
DA:278,1
DA:280,3
DA:283,1
DA:284,1
DA:285,1
DA:286,1
DA:287,1
DA:289,0
LF:120
LH:102
end_of_record
SF:lib\presentation\pages\popular_movies_page.dart
DA:9,1
DA:11,1
DA:12,1
DA:16,1
DA:18,1
DA:19,2
DA:20,4
DA:24,1
DA:26,1
DA:27,1
DA:30,1
DA:32,1
DA:33,1
DA:34,1
DA:38,1
DA:39,2
DA:40,2
DA:41,1
DA:42,2
DA:44,1
DA:46,2
LF:21
LH:21
end_of_record
SF:lib\presentation\pages\top_rated_movies_page.dart
DA:9,1
DA:11,1
DA:12,1
DA:16,1
DA:18,1
DA:19,2
DA:20,4
DA:24,1
DA:26,1
DA:27,1
DA:30,1
DA:32,1
DA:33,1
DA:34,1
DA:38,1
DA:39,1
DA:40,1
DA:41,2
DA:42,1
DA:44,2
DA:47,1
DA:49,2
LF:22
LH:22
end_of_record
SF:lib\presentation\bloc\watchlist_movie\watchlist_movie_state.dart
DA:4,3
DA:6,1
DA:7,1
DA:17,2
DA:18,1
DA:19,2
DA:23,1
DA:24,1
DA:25,2
DA:29,2
DA:30,1
DA:31,2
DA:35,3
DA:36,1
DA:37,2
LF:15
LH:15
end_of_record
SF:lib\presentation\bloc\watchlist_movie\watchlist_movie_bloc.dart
DA:23,1
DA:28,2
DA:29,2
DA:30,2
DA:31,3
DA:32,1
DA:33,1
DA:34,3
DA:36,1
DA:37,3
DA:41,2
DA:42,2
DA:43,4
DA:44,2
DA:46,2
DA:47,1
DA:48,3
DA:49,1
DA:50,1
DA:51,3
DA:53,1
DA:54,2
DA:58,2
DA:59,1
DA:60,3
DA:61,1
DA:62,1
DA:63,3
DA:65,1
DA:66,2
LF:30
LH:30
end_of_record
SF:lib\presentation\bloc\watchlist_movie\watchlist_movie_event.dart
DA:4,3
DA:5,1
DA:6,1
DA:11,2
DA:12,1
DA:13,2
DA:17,1
DA:18,1
DA:19,2
DA:23,2
DA:24,1
DA:25,2
LF:12
LH:12
end_of_record
SF:lib\presentation\bloc\detailmovie\detail_movie_event.dart
DA:5,2
DA:7,0
DA:8,0
LF:3
LH:1
end_of_record
SF:lib\presentation\bloc\detailmovie\detail_movie_state.dart
DA:6,1
DA:7,1
DA:10,1
DA:11,1
DA:15,2
DA:17,1
DA:18,2
DA:22,1
DA:23,2
DA:26,1
LF:10
LH:10
end_of_record
SF:lib\presentation\bloc\detailmovie\detail_movie_bloc.dart
DA:13,1
DA:14,2
DA:15,2
DA:17,1
DA:21,2
DA:22,4
DA:23,1
DA:24,1
DA:25,3
DA:27,1
DA:28,2
LF:11
LH:11
end_of_record
SF:lib\presentation\bloc\nowplaying\nowplaying_movie_event.dart
DA:4,1
DA:5,0
DA:6,0
LF:3
LH:1
end_of_record
SF:lib\presentation\bloc\nowplaying\nowplaying_movie_state.dart
DA:7,1
DA:8,1
DA:11,1
DA:12,1
DA:16,1
DA:18,1
DA:19,2
DA:23,1
DA:24,2
DA:27,1
LF:10
LH:10
end_of_record
SF:lib\presentation\bloc\nowplaying\nowplaying_movie_bloc.dart
DA:15,1
DA:16,2
DA:17,2
DA:20,1
DA:24,2
DA:25,3
DA:26,1
DA:27,1
DA:28,3
DA:30,1
DA:31,1
DA:32,0
DA:33,2
LF:13
LH:12
end_of_record
SF:lib\presentation\bloc\recommend_movie\reccomend_movie_state.dart
DA:7,1
DA:8,1
DA:11,1
DA:12,1
DA:16,2
DA:18,1
DA:19,2
DA:23,1
DA:24,2
DA:27,1
LF:10
LH:10
end_of_record
SF:lib\presentation\bloc\recommend_movie\reccomend_movie_event.dart
DA:5,2
DA:7,0
DA:8,0
LF:3
LH:1
end_of_record
SF:lib\presentation\bloc\recommend_movie\reccomend_movie_bloc.dart
DA:15,1
DA:16,2
DA:17,2
DA:20,1
DA:24,2
DA:25,4
DA:26,1
DA:27,1
DA:28,3
DA:30,1
DA:31,1
DA:32,0
DA:33,2
LF:13
LH:12
end_of_record
SF:lib\presentation\bloc\toprated_movie\toprated_movie_event.dart
DA:6,0
DA:7,0
DA:11,2
LF:3
LH:1
end_of_record
SF:lib\presentation\bloc\toprated_movie\toprated_movie_state.dart
DA:7,1
DA:8,1
DA:11,1
DA:12,1
DA:16,2
DA:18,1
DA:19,2
DA:23,1
DA:24,2
DA:27,2
LF:10
LH:10
end_of_record
SF:lib\presentation\bloc\toprated_movie\toprated_movie_bloc.dart
DA:15,1
DA:16,2
DA:17,2
DA:20,1
DA:24,2
DA:25,3
DA:26,1
DA:27,1
DA:28,3
DA:30,1
DA:31,1
DA:32,0
DA:33,2
LF:13
LH:12
end_of_record
SF:lib\presentation\bloc\popularmovie\popular_movie_event.dart
DA:4,2
DA:6,0
DA:7,0
LF:3
LH:1
end_of_record
SF:lib\presentation\bloc\popularmovie\popular_movie_state.dart
DA:7,1
DA:8,1
DA:11,1
DA:12,1
DA:16,2
DA:18,1
DA:19,2
DA:23,1
DA:24,2
DA:27,2
LF:10
LH:10
end_of_record
SF:lib\presentation\bloc\popularmovie\popular_movie_bloc.dart
DA:15,1
DA:16,2
DA:17,2
DA:20,1
DA:24,2
DA:25,3
DA:26,1
DA:27,1
DA:28,3
DA:30,1
DA:31,1
DA:32,0
DA:33,2
LF:13
LH:12
end_of_record
