SF:lib\data\datasources\tv_local_data_source.dart
DA:19,1
DA:22,1
DA:24,3
DA:27,2
DA:32,1
DA:34,3
DA:37,2
DA:42,1
DA:43,3
DA:46,1
DA:53,1
DA:54,3
DA:56,4
LF:13
LH:13
end_of_record
SF:lib\data\models\tv_table.dart
DA:12,14
DA:19,1
DA:20,1
DA:21,1
DA:22,1
DA:23,1
DA:24,1
DA:27,1
DA:28,1
DA:29,1
DA:30,1
DA:31,1
DA:32,1
DA:35,0
DA:36,0
DA:37,0
DA:38,0
DA:39,0
DA:40,0
DA:43,1
DA:44,1
DA:45,1
DA:46,1
DA:47,1
DA:48,1
DA:51,2
DA:52,2
DA:53,2
DA:54,2
DA:55,2
DA:56,2
LF:31
LH:25
end_of_record
SF:lib\domain\entities\tv.dart
DA:5,7
DA:19,2
DA:38,7
DA:39,7
DA:40,7
DA:41,7
DA:42,7
DA:43,7
DA:44,7
DA:45,7
DA:46,7
DA:47,7
DA:48,7
DA:49,7
DA:50,7
LF:15
LH:15
end_of_record
SF:lib\domain\entities\tv_detail.dart
DA:5,13
DA:29,2
DA:30,2
DA:31,2
DA:32,2
DA:33,2
DA:34,2
DA:35,2
DA:36,2
DA:37,2
DA:38,2
DA:39,2
DA:40,2
LF:13
LH:13
end_of_record
SF:lib\data\datasources\db\database_helper_tvls.dart
DA:10,0
DA:14,0
DA:15,0
DA:19,0
DA:20,0
DA:26,0
DA:27,0
DA:29,0
DA:31,0
DA:35,0
DA:36,0
DA:43,0
DA:46,0
DA:47,0
DA:49,0
DA:52,0
DA:53,0
DA:55,0
DA:58,0
DA:62,0
DA:63,0
DA:65,0
DA:68,0
DA:70,0
DA:71,0
DA:77,0
DA:78,0
DA:80,0
LF:28
LH:0
end_of_record
SF:lib\data\datasources\tv_remote_data_source.dart
DA:30,1
DA:33,1
DA:35,5
DA:37,2
DA:38,4
DA:40,1
DA:45,1
DA:46,5
DA:48,2
DA:49,3
DA:51,1
DA:56,1
DA:58,5
DA:60,2
DA:61,4
DA:63,1
DA:68,1
DA:69,5
DA:71,2
DA:72,4
DA:74,1
DA:79,1
DA:81,5
DA:83,2
DA:84,4
DA:86,1
DA:91,1
DA:93,5
DA:95,2
DA:96,4
DA:98,1
LF:31
LH:31
end_of_record
SF:lib\data\models\tv_detail_model.dart
DA:7,2
DA:47,1
DA:48,1
DA:49,1
DA:50,1
DA:51,1
DA:52,4
DA:53,1
DA:54,1
DA:55,1
DA:56,1
DA:57,1
DA:58,1
DA:59,1
DA:60,1
DA:61,2
DA:62,1
DA:63,1
DA:64,1
DA:65,1
DA:66,2
DA:67,1
DA:70,0
DA:71,0
DA:72,0
DA:73,0
DA:74,0
DA:75,0
DA:76,0
DA:77,0
DA:78,0
DA:79,0
DA:80,0
DA:81,0
DA:82,0
DA:83,0
DA:84,0
DA:85,0
DA:86,0
DA:87,0
DA:88,0
DA:89,0
DA:92,1
DA:93,1
DA:94,1
DA:95,5
DA:96,1
DA:97,1
DA:98,1
DA:99,1
DA:100,1
DA:101,1
DA:102,1
DA:103,1
DA:107,1
DA:109,1
DA:110,1
DA:111,1
DA:112,1
DA:113,1
DA:114,1
DA:115,1
DA:116,1
DA:117,1
DA:118,1
DA:119,1
DA:120,1
DA:121,1
DA:122,1
DA:123,1
DA:124,1
DA:125,1
DA:126,1
DA:127,1
LF:74
LH:54
end_of_record
SF:lib\data\models\tv_model.dart
DA:6,5
DA:32,2
DA:33,2
DA:34,2
DA:35,8
DA:36,2
DA:37,2
DA:38,2
DA:39,4
DA:40,2
DA:41,2
DA:42,2
DA:43,4
DA:44,2
DA:47,1
DA:48,1
DA:49,1
DA:50,4
DA:51,1
DA:52,1
DA:53,1
DA:54,1
DA:55,1
DA:56,1
DA:57,1
DA:58,1
DA:59,1
DA:62,2
DA:63,2
DA:64,2
DA:65,2
DA:66,2
DA:67,2
DA:68,2
DA:69,2
DA:70,2
DA:71,2
DA:72,2
DA:73,2
DA:74,2
DA:78,2
DA:80,2
DA:81,2
DA:82,2
DA:83,2
DA:84,2
DA:85,2
DA:86,2
DA:87,2
DA:88,2
DA:89,2
DA:90,2
DA:91,2
LF:53
LH:53
end_of_record
SF:lib\data\models\tv_response.dart
DA:7,3
DA:9,2
DA:10,4
DA:11,2
DA:12,6
DA:13,6
DA:16,2
DA:17,1
DA:18,4
DA:21,1
DA:22,2
LF:11
LH:11
end_of_record
SF:lib\data\repositories\tv_repository_impl.dart
DA:18,1
DA:24,1
DA:26,3
DA:27,5
DA:29,1
DA:31,1
DA:33,0
DA:38,1
DA:40,3
DA:41,2
DA:43,1
DA:45,1
DA:47,0
DA:52,1
DA:54,3
DA:55,3
DA:57,1
DA:60,1
DA:62,0
DA:67,1
DA:69,3
DA:70,5
DA:72,1
DA:74,1
DA:76,0
DA:81,1
DA:83,3
DA:84,5
DA:86,1
DA:88,1
DA:90,0
DA:95,1
DA:97,3
DA:98,5
DA:100,1
DA:102,1
DA:104,0
DA:109,1
DA:112,4
DA:113,1
DA:115,4
DA:122,1
DA:125,4
DA:126,1
DA:128,4
DA:133,1
DA:134,3
DA:140,1
DA:141,3
DA:143,5
LF:50
LH:44
end_of_record
SF:lib\domain\usecases\get_now_playing_tv.dart
DA:9,1
DA:11,1
DA:13,2
LF:3
LH:3
end_of_record
SF:lib\domain\usecases\get_popular_tv.dart
DA:9,1
DA:11,1
DA:13,2
LF:3
LH:3
end_of_record
SF:lib\domain\usecases\get_top_rated_tv.dart
DA:9,1
DA:11,1
DA:13,2
LF:3
LH:3
end_of_record
SF:lib\domain\usecases\get_tv_detail.dart
DA:9,1
DA:11,1
DA:13,2
LF:3
LH:3
end_of_record
SF:lib\domain\usecases\get_tv_recommendations.dart
DA:9,1
DA:11,1
DA:13,2
LF:3
LH:3
end_of_record
SF:lib\domain\usecases\get_watchlist_status_tv.dart
DA:5,1
DA:7,1
DA:9,2
LF:3
LH:3
end_of_record
SF:lib\domain\usecases\get_watchlist_tv.dart
DA:9,1
DA:11,1
DA:13,2
LF:3
LH:3
end_of_record
SF:lib\domain\usecases\remove_watchlist_tv.dart
DA:9,1
DA:11,1
DA:13,2
LF:3
LH:3
end_of_record
SF:lib\domain\usecases\save_watchlist_tv.dart
DA:9,1
DA:11,1
DA:13,2
LF:3
LH:3
end_of_record
SF:lib\presentation\bloc\detail_tv\detail_tv_state.dart
DA:6,1
DA:7,1
DA:10,1
DA:11,1
DA:15,1
DA:17,1
DA:18,2
DA:22,1
DA:23,2
DA:26,1
LF:10
LH:10
end_of_record
SF:lib\presentation\bloc\detail_tv\detail_tv_event.dart
DA:5,1
DA:7,0
DA:8,0
LF:3
LH:1
end_of_record
SF:lib\presentation\bloc\detail_tv\detail_tv_bloc.dart
DA:12,3
DA:13,2
DA:15,2
DA:16,4
DA:17,1
DA:18,4
DA:20,3
LF:7
LH:7
end_of_record
SF:lib\presentation\bloc\onair_tv\onair_tv_state.dart
DA:7,1
DA:8,1
DA:11,1
DA:12,1
DA:16,1
DA:18,1
DA:19,2
DA:23,1
DA:24,2
DA:27,1
LF:10
LH:10
end_of_record
SF:lib\presentation\bloc\onair_tv\onair_tv_event.dart
DA:4,1
DA:5,0
DA:6,0
LF:3
LH:1
end_of_record
SF:lib\presentation\bloc\onair_tv\onair_tv_bloc.dart
DA:15,1
DA:16,2
DA:17,2
DA:20,1
DA:24,2
DA:25,3
DA:26,1
DA:27,1
DA:28,3
DA:30,1
DA:31,1
DA:32,0
DA:33,2
LF:13
LH:12
end_of_record
SF:lib\presentation\bloc\popular_tv\popular_tv_event.dart
DA:4,1
DA:6,0
DA:7,0
LF:3
LH:1
end_of_record
SF:lib\presentation\bloc\popular_tv\popular_tv_state.dart
DA:8,1
DA:9,1
DA:12,1
DA:13,1
DA:17,1
DA:19,1
DA:20,2
DA:24,1
DA:25,2
DA:28,1
LF:10
LH:10
end_of_record
SF:lib\presentation\bloc\popular_tv\popular_tv_bloc.dart
DA:16,1
DA:17,2
DA:18,2
DA:21,1
DA:25,2
DA:26,3
DA:27,1
DA:28,1
DA:29,3
DA:31,1
DA:32,1
DA:33,0
DA:34,2
LF:13
LH:12
end_of_record
SF:lib\presentation\bloc\recommend_tv\reccomend_tv_state.dart
DA:7,1
DA:8,1
DA:11,1
DA:12,1
DA:16,1
DA:18,1
DA:19,2
DA:23,1
DA:24,2
DA:27,1
LF:10
LH:10
end_of_record
SF:lib\presentation\bloc\recommend_tv\reccomend_tv_event.dart
DA:5,1
DA:7,0
DA:8,0
LF:3
LH:1
end_of_record
SF:lib\presentation\bloc\recommend_tv\reccomend_tv_bloc.dart
DA:15,1
DA:16,2
DA:17,2
DA:20,1
DA:24,2
DA:25,4
DA:26,1
DA:27,1
DA:28,3
DA:30,1
DA:31,1
DA:32,0
DA:33,2
LF:13
LH:12
end_of_record
SF:lib\presentation\bloc\toprated_tv\toprated_tv_event.dart
DA:6,0
DA:7,0
DA:11,1
LF:3
LH:1
end_of_record
SF:lib\presentation\bloc\toprated_tv\toprated_tv_state.dart
DA:7,1
DA:8,1
DA:11,1
DA:12,1
DA:16,1
DA:18,1
DA:19,2
DA:23,1
DA:24,2
DA:27,1
LF:10
LH:10
end_of_record
SF:lib\presentation\bloc\toprated_tv\toprated_tv_bloc.dart
DA:15,1
DA:16,2
DA:17,2
DA:20,1
DA:24,2
DA:25,3
DA:26,1
DA:27,1
DA:28,3
DA:30,1
DA:31,1
DA:32,0
DA:33,2
LF:13
LH:12
end_of_record
SF:lib\presentation\bloc\watchlist_tv\watchlist_tv_event.dart
DA:4,2
DA:5,1
DA:6,1
DA:11,1
DA:12,1
DA:13,2
DA:17,1
DA:18,1
DA:19,2
DA:23,1
DA:24,1
DA:25,2
LF:12
LH:12
end_of_record
SF:lib\presentation\bloc\watchlist_tv\watchlist_tv_bloc.dart
DA:23,1
DA:28,2
DA:29,2
DA:30,2
DA:31,3
DA:32,1
DA:33,1
DA:34,3
DA:36,1
DA:37,1
DA:38,0
DA:39,2
DA:43,2
DA:44,2
DA:45,4
DA:46,2
DA:48,2
DA:49,1
DA:50,3
DA:51,1
DA:52,1
DA:53,3
DA:55,1
DA:56,2
DA:60,2
DA:61,1
DA:62,3
DA:63,1
DA:64,1
DA:65,3
DA:67,1
DA:68,2
LF:32
LH:31
end_of_record
SF:lib\presentation\bloc\watchlist_tv\watchlist_tv_state.dart
DA:4,2
DA:6,1
DA:7,1
DA:17,2
DA:18,1
DA:19,2
DA:23,1
DA:24,1
DA:25,2
DA:29,2
DA:30,1
DA:31,2
DA:35,2
DA:36,1
DA:37,2
LF:15
LH:15
end_of_record
